{
  "RSpec": {
    "coverage": {
      "/home/andrei/academy/rails/twitter_app/spec/spec_helper.rb": {
        "lines": [
          null,
          null,
          null,
          null,
          null,
          null,
          null,
          null,
          null,
          null,
          null,
          null,
          null,
          null,
          null,
          1,
          null,
          null,
          null,
          1,
          null,
          null,
          null,
          null,
          null,
          null,
          null,
          1,
          null,
          null,
          null,
          null,
          1,
          null,
          null,
          null,
          1,
          null,
          null,
          null,
          null,
          null,
          null,
          null,
          1,
          null,
          null,
          null,
          null,
          null,
          null,
          null,
          null,
          null,
          null,
          null,
          null,
          null,
          null,
          null,
          null,
          null,
          null,
          null,
          null,
          null,
          null,
          null,
          null,
          null,
          null,
          null,
          null,
          null,
          null,
          null,
          null,
          null,
          null,
          null,
          null,
          null,
          null,
          null,
          null,
          null,
          null,
          null,
          null,
          null,
          null,
          null,
          null,
          null
        ]
      },
      "/home/andrei/academy/rails/twitter_app/config/environment.rb": {
        "lines": [
          null,
          1,
          null,
          null,
          1
        ]
      },
      "/home/andrei/academy/rails/twitter_app/config/application.rb": {
        "lines": [
          1,
          null,
          1,
          null,
          null,
          null,
          1,
          null,
          1,
          1,
          null,
          1,
          null,
          null,
          null,
          null,
          null,
          null,
          null,
          null,
          null,
          null
        ]
      },
      "/home/andrei/academy/rails/twitter_app/config/boot.rb": {
        "lines": [
          1,
          null,
          1,
          1
        ]
      },
      "/home/andrei/academy/rails/twitter_app/config/environments/test.rb": {
        "lines": [
          1,
          null,
          null,
          null,
          null,
          null,
          null,
          1,
          null,
          null,
          null,
          1,
          null,
          null,
          null,
          null,
          1,
          null,
          null,
          1,
          1,
          null,
          null,
          null,
          null,
          1,
          1,
          1,
          null,
          null,
          1,
          null,
          null,
          1,
          null,
          null,
          1,
          null,
          1,
          null,
          null,
          null,
          null,
          1,
          null,
          null,
          1,
          null,
          null,
          1,
          null,
          null,
          1,
          null,
          null,
          null,
          null,
          null,
          null,
          null
        ]
      },
      "/home/andrei/academy/rails/twitter_app/config/initializers/assets.rb": {
        "lines": [
          null,
          null,
          null,
          1,
          null,
          null,
          null,
          null,
          null,
          null,
          null,
          null
        ]
      },
      "/home/andrei/academy/rails/twitter_app/config/initializers/content_security_policy.rb": {
        "lines": [
          null,
          null,
          null,
          null,
          null,
          null,
          null,
          null,
          null,
          null,
          null,
          null,
          null,
          null,
          null,
          null,
          null,
          null,
          null,
          null,
          null,
          null,
          null,
          null,
          null,
          null
        ]
      },
      "/home/andrei/academy/rails/twitter_app/config/initializers/filter_parameter_logging.rb": {
        "lines": [
          null,
          null,
          null,
          null,
          null,
          1,
          null,
          null
        ]
      },
      "/home/andrei/academy/rails/twitter_app/config/initializers/inflections.rb": {
        "lines": [
          null,
          null,
          null,
          null,
          null,
          null,
          null,
          null,
          null,
          null,
          null,
          null,
          null,
          null,
          null,
          null
        ]
      },
      "/home/andrei/academy/rails/twitter_app/config/initializers/permissions_policy.rb": {
        "lines": [
          null,
          null,
          null,
          null,
          null,
          null,
          null,
          null,
          null,
          null,
          null
        ]
      },
      "/home/andrei/academy/rails/twitter_app/config/routes.rb": {
        "lines": [
          1,
          null,
          1,
          1,
          1,
          null,
          null,
          null,
          null,
          null,
          1,
          1,
          1,
          1,
          null,
          null,
          null,
          1,
          null
        ]
      },
      "/home/andrei/academy/rails/twitter_app/app/helpers/application_helper.rb": {
        "lines": [
          1,
          null
        ]
      },
      "/home/andrei/academy/rails/twitter_app/app/helpers/tweets_helper.rb": {
        "lines": [
          1,
          null
        ]
      },
      "/home/andrei/academy/rails/twitter_app/app/helpers/users_helper.rb": {
        "lines": [
          1,
          null
        ]
      },
      "/home/andrei/academy/rails/twitter_app/spec/graphql/types/tweet_type_spec.rb": {
        "lines": [
          1,
          2,
          null,
          null,
          null,
          null,
          null,
          2,
          null,
          null,
          null,
          null,
          null,
          null,
          null,
          null,
          null,
          null,
          null,
          2,
          null,
          2,
          2,
          null,
          1,
          1,
          null,
          null,
          null,
          null,
          null,
          null,
          null,
          null,
          null,
          null,
          null,
          null,
          null,
          null,
          null
        ]
      },
      "/home/andrei/academy/rails/twitter_app/app/graphql/types/tweet_type.rb": {
        "lines": [
          1,
          1,
          1,
          1,
          1,
          1,
          null,
          1,
          null,
          null
        ]
      },
      "/home/andrei/academy/rails/twitter_app/app/graphql/types/user_type.rb": {
        "lines": [
          1,
          1,
          1,
          1,
          1,
          1,
          1,
          null,
          null
        ]
      },
      "/home/andrei/academy/rails/twitter_app/spec/models/like_spec.rb": {
        "lines": [
          1,
          1,
          2,
          2,
          null,
          null
        ]
      },
      "/home/andrei/academy/rails/twitter_app/app/models/like.rb": {
        "lines": [
          1,
          1,
          1,
          null
        ]
      },
      "/home/andrei/academy/rails/twitter_app/app/models/application_record.rb": {
        "lines": [
          1,
          1,
          null
        ]
      },
      "/home/andrei/academy/rails/twitter_app/app/models/tweet.rb": {
        "lines": [
          1,
          1,
          1,
          1,
          null,
          1,
          null,
          2,
          1,
          null,
          1,
          1,
          1,
          1,
          null
        ]
      },
      "/home/andrei/academy/rails/twitter_app/spec/models/tweet_spec.rb": {
        "lines": [
          1,
          1,
          2,
          2,
          2,
          null,
          null,
          1,
          1,
          2,
          2,
          2,
          2,
          2,
          null,
          2,
          null,
          2,
          null,
          null,
          null
        ]
      },
      "/home/andrei/academy/rails/twitter_app/spec/models/user_spec.rb": {
        "lines": [
          1,
          1,
          2,
          2,
          2,
          2,
          2,
          null,
          null,
          1,
          2,
          2,
          2,
          null,
          null
        ]
      },
      "/home/andrei/academy/rails/twitter_app/app/models/user.rb": {
        "lines": [
          1,
          1,
          1,
          1,
          null,
          1,
          1,
          null,
          1,
          1,
          null,
          1,
          1,
          null,
          1,
          null,
          1,
          null
        ]
      },
      "/home/andrei/academy/rails/twitter_app/spec/requests/api/likes_spec.rb": {
        "lines": [
          1,
          null,
          12,
          12,
          null,
          1,
          null,
          1,
          2,
          2,
          null,
          null,
          1,
          2,
          2,
          null,
          2,
          null,
          null,
          1,
          2,
          null,
          null,
          null,
          null,
          1,
          null,
          1,
          2,
          2,
          null,
          1,
          1,
          1,
          null,
          null,
          2,
          null,
          null,
          1,
          1,
          1,
          null,
          null,
          2,
          null,
          null,
          1,
          1,
          1,
          null,
          null,
          2,
          null,
          null,
          null,
          1,
          null,
          1,
          2,
          null,
          1,
          1,
          1,
          null,
          null,
          3,
          null,
          null,
          1,
          1,
          1,
          1,
          null,
          null,
          2,
          null,
          null,
          null,
          null,
          1,
          null,
          1,
          2,
          2,
          null,
          1,
          1,
          1,
          null,
          null,
          3,
          null,
          null,
          1,
          2,
          2,
          null,
          1,
          1,
          1,
          null,
          null,
          3,
          null,
          null,
          1,
          2,
          2,
          null,
          1,
          1,
          1,
          null,
          null,
          3,
          null,
          null,
          1,
          1,
          1,
          1,
          null,
          null,
          2,
          null,
          null,
          null,
          null
        ]
      },
      "/home/andrei/academy/rails/twitter_app/spec/requests/api/tweets_spec.rb": {
        "lines": [
          1,
          null,
          1,
          1,
          2,
          null,
          2,
          null,
          null,
          1,
          2,
          2,
          null,
          null,
          2,
          null,
          null,
          null,
          1,
          2,
          null,
          null,
          null,
          null,
          1,
          1,
          2,
          2,
          null,
          1,
          1,
          null,
          1,
          null,
          null,
          2,
          null,
          null,
          1,
          1,
          1,
          null,
          null,
          2,
          null,
          null,
          null,
          null,
          1,
          2,
          null,
          1,
          1,
          1,
          null,
          1,
          null,
          null,
          3,
          null,
          null,
          null,
          1,
          1,
          1,
          null,
          1,
          null,
          null,
          2,
          null,
          null,
          null,
          null,
          1,
          4,
          4,
          null,
          1,
          1,
          1,
          null,
          null,
          1,
          1,
          null,
          null,
          2,
          null,
          null,
          1,
          1,
          1,
          null,
          1,
          null,
          null,
          2,
          null,
          null,
          1,
          1,
          1,
          1,
          null,
          null,
          2,
          null,
          null,
          null,
          1,
          4,
          4,
          null,
          1,
          1,
          1,
          1,
          null,
          null,
          3,
          null,
          null,
          1,
          1,
          1,
          1,
          null,
          null,
          3,
          null,
          null,
          1,
          1,
          1,
          1,
          null,
          null,
          2,
          null,
          null,
          null
        ]
      },
      "/home/andrei/academy/rails/twitter_app/spec/requests/api/users_spec.rb": {
        "lines": [
          1,
          1,
          1,
          2,
          2,
          null,
          null,
          1,
          2,
          null,
          2,
          null,
          null,
          1,
          2,
          null,
          null,
          null,
          1,
          null,
          1,
          2,
          1,
          1,
          1,
          null,
          null,
          2,
          null,
          null,
          1,
          1,
          1,
          null,
          null,
          2,
          null,
          null,
          null,
          null,
          null,
          null,
          1,
          null,
          1,
          1,
          1,
          1,
          null,
          null,
          3,
          null,
          null,
          null,
          null,
          1,
          1,
          1,
          1,
          null,
          null,
          2,
          null,
          null,
          null,
          1,
          4,
          null,
          1,
          1,
          1,
          1,
          null,
          null,
          2,
          null,
          null,
          1,
          1,
          1,
          1,
          null,
          null,
          2,
          null,
          null,
          1,
          1,
          1,
          1,
          null,
          null,
          2,
          null,
          null,
          null,
          1,
          3,
          null,
          1,
          1,
          1,
          1,
          null,
          null,
          3,
          null,
          null,
          1,
          1,
          1,
          1,
          null,
          null,
          2,
          null,
          null,
          null
        ]
      },
      "/home/andrei/academy/rails/twitter_app/spec/test_spec.rb": {
        "lines": [
          1,
          null,
          1,
          1,
          null,
          null,
          null,
          1,
          1,
          1,
          1,
          null,
          null,
          null
        ]
      },
      "/home/andrei/academy/rails/twitter_app/app/graphql/tweets_schema.rb": {
        "lines": [
          1,
          1,
          1,
          null
        ]
      },
      "/home/andrei/academy/rails/twitter_app/app/graphql/types/query_type.rb": {
        "lines": [
          1,
          1,
          null,
          1,
          1,
          1,
          1,
          1,
          1,
          null,
          null,
          1,
          0,
          null,
          null,
          1,
          0,
          null,
          null,
          1,
          1,
          null,
          null,
          1,
          0,
          null,
          null,
          1,
          0,
          null,
          null,
          null
        ]
      },
      "/home/andrei/academy/rails/twitter_app/app/graphql/mutations/mutation_type.rb": {
        "lines": [
          1,
          1,
          1,
          1,
          1,
          null,
          null
        ]
      },
      "/home/andrei/academy/rails/twitter_app/app/graphql/mutations/create_tweet.rb": {
        "lines": [
          1,
          1,
          1,
          1,
          1,
          null,
          null,
          null,
          1,
          null,
          1,
          null,
          0,
          0,
          null,
          null,
          0,
          null,
          0,
          null,
          null,
          null,
          null
        ]
      },
      "/home/andrei/academy/rails/twitter_app/app/graphql/inputs/tweet_input.rb": {
        "lines": [
          1,
          1,
          1,
          1,
          null,
          null
        ]
      },
      "/home/andrei/academy/rails/twitter_app/app/graphql/mutations/destroy_tweet.rb": {
        "lines": [
          1,
          1,
          1,
          1,
          1,
          null,
          1,
          null,
          1,
          0,
          0,
          null,
          null,
          0,
          null,
          0,
          null,
          null,
          null,
          null
        ]
      },
      "/home/andrei/academy/rails/twitter_app/app/graphql/mutations/update_tweet.rb": {
        "lines": [
          1,
          1,
          1,
          1,
          1,
          null,
          1,
          1,
          null,
          1,
          0,
          0,
          null,
          null,
          0,
          null,
          0,
          null,
          null,
          null,
          null
        ]
      },
      "/home/andrei/academy/rails/twitter_app/app/models/follow.rb": {
        "lines": [
          1,
          null,
          1,
          null,
          1,
          null
        ]
      },
      "/home/andrei/academy/rails/twitter_app/app/controllers/api/likes_controller.rb": {
        "lines": [
          1,
          1,
          1,
          2,
          2,
          null,
          null,
          1,
          3,
          null,
          3,
          2,
          null,
          2,
          1,
          null,
          1,
          null,
          null,
          null,
          1,
          null,
          null,
          null,
          1,
          2,
          null,
          2,
          1,
          null,
          1,
          null,
          null,
          null,
          1,
          2,
          null,
          1,
          1,
          null,
          null,
          1,
          null,
          null,
          null,
          1,
          null,
          1,
          2,
          null,
          null,
          null
        ]
      },
      "/home/andrei/academy/rails/twitter_app/app/controllers/application_controller.rb": {
        "lines": [
          1,
          1,
          null,
          null
        ]
      },
      "/home/andrei/academy/rails/twitter_app/app/serializers/like_serializer.rb": {
        "lines": [
          1,
          1,
          null,
          1,
          3,
          null,
          null,
          null,
          null,
          null,
          1,
          1,
          null,
          null,
          1,
          1,
          null,
          null
        ]
      },
      "/home/andrei/academy/rails/twitter_app/app/controllers/api/users_controller.rb": {
        "lines": [
          1,
          1,
          1,
          2,
          2,
          null,
          null,
          1,
          2,
          null,
          1,
          null,
          1,
          null,
          null,
          1,
          2,
          null,
          2,
          1,
          null,
          1,
          null,
          null,
          null,
          1,
          3,
          null,
          2,
          1,
          null,
          1,
          null,
          null,
          1,
          null,
          null,
          1,
          4,
          null,
          3,
          3,
          null,
          null,
          1,
          null,
          null,
          null,
          1,
          null,
          1,
          4,
          null,
          null,
          null
        ]
      },
      "/home/andrei/academy/rails/twitter_app/app/controllers/api/tweets_controller.rb": {
        "lines": [
          1,
          1,
          1,
          2,
          null,
          null,
          null,
          2,
          null,
          null,
          1,
          2,
          null,
          1,
          null,
          1,
          null,
          null,
          1,
          2,
          null,
          2,
          1,
          null,
          1,
          null,
          null,
          null,
          1,
          3,
          null,
          2,
          1,
          null,
          1,
          null,
          null,
          1,
          null,
          null,
          1,
          3,
          null,
          2,
          2,
          null,
          null,
          1,
          null,
          null,
          null,
          null,
          null,
          null,
          null,
          null,
          1,
          null,
          null,
          null,
          null,
          1,
          4,
          null,
          null,
          null
        ]
      },
      "/home/andrei/academy/rails/twitter_app/app/serializers/tweet_serializer.rb": {
        "lines": [
          1,
          1,
          null,
          1,
          1,
          null,
          1,
          1,
          null,
          null,
          1,
          1,
          null,
          null,
          null,
          null,
          null,
          null,
          null
        ]
      },
      "/home/andrei/academy/rails/twitter_app/app/serializers/user_serializer.rb": {
        "lines": [
          1,
          1,
          null,
          1,
          1,
          1,
          1,
          null,
          null,
          null,
          null,
          null,
          1,
          1,
          null,
          null,
          1,
          1,
          null,
          null
        ]
      }
    },
    "timestamp": 1651227597
  }
}
